<?xml version="1.0" encoding="UTF-8"?>
<!-- Generated by org.testng.reporters.JUnitReportReporter -->
<testsuite hostname="DESKTOP-LVD2BN5" failures="0" tests="2" name="testcase.TestClass" time="26.419" errors="0" timestamp="2023-06-09T22:56:05 IST" skipped="0">
  <testcase classname="testcase.TestClass" name="testCase1" time="13.881"/>
  <system-out/>
  <testcase classname="testcase.TestClass" name="testCase1" time="12.538"/>
  <system-out/>
</testsuite> <!-- testcase.TestClass -->
